{
  "RSpec": {
    "coverage": {
      "/Users/Alec/repos/ticketee/app/models/user.rb": [
        1,
        null,
        null,
        1,
        null,
        null,
        null,
        null,
        1,
        1,
        null,
        null,
        1,
        null,
        1,
        3,
        null,
        null
      ],
      "/Users/Alec/repos/ticketee/app/controllers/application_controller.rb": [
        1,
        1,
        1,
        null,
        1,
        1,
        0,
        0,
        0,
        0,
        null,
        null,
        null,
        1,
        37,
        null,
        null
      ],
      "/Users/Alec/repos/ticketee/app/helpers/application_helper.rb": [
        1,
        1,
        5,
        5,
        5,
        null,
        null,
        null,
        null,
        1,
        39,
        null,
        null,
        1,
        32,
        null,
        null
      ],
      "/Users/Alec/repos/ticketee/app/helpers/admin/permissions_helper.rb": [
        1,
        1,
        null,
        null,
        null,
        null,
        null,
        null,
        0,
        null,
        null
      ],
      "/Users/Alec/repos/ticketee/app/helpers/admin/states_helper.rb": [
        1,
        null
      ],
      "/Users/Alec/repos/ticketee/app/helpers/admin/users_helper.rb": [
        1,
        null
      ],
      "/Users/Alec/repos/ticketee/app/helpers/comments_helper.rb": [
        1,
        null
      ],
      "/Users/Alec/repos/ticketee/app/helpers/files_helper.rb": [
        1,
        null
      ],
      "/Users/Alec/repos/ticketee/app/helpers/projects_helper.rb": [
        1,
        null
      ],
      "/Users/Alec/repos/ticketee/app/helpers/tickets_helper.rb": [
        1,
        1,
        3,
        3,
        1,
        1,
        0,
        null,
        1,
        null,
        null,
        null,
        null,
        null
      ],
      "/Users/Alec/repos/ticketee/app/helpers/users_helper.rb": [
        1,
        null
      ],
      "/Users/Alec/repos/ticketee/app/controllers/admin/base_controller.rb": [
        1,
        1,
        null,
        1,
        null,
        null
      ],
      "/Users/Alec/repos/ticketee/app/controllers/admin/permissions_controller.rb": [
        1,
        1,
        null,
        1,
        0,
        0,
        null,
        null,
        1,
        0,
        0,
        0,
        0,
        0,
        null,
        null,
        null,
        null,
        0,
        0,
        null,
        null,
        1,
        1,
        0,
        null,
        null
      ],
      "/Users/Alec/repos/ticketee/app/models/permission.rb": [
        1,
        1,
        1,
        1,
        null
      ],
      "/Users/Alec/repos/ticketee/app/controllers/admin/states_controller.rb": [
        1,
        null,
        1,
        0,
        null,
        null,
        1,
        0,
        null,
        null,
        1,
        0,
        0,
        0,
        0,
        null,
        0,
        0,
        null,
        null,
        null,
        1,
        0,
        0,
        null,
        0,
        0,
        null,
        null
      ],
      "/Users/Alec/repos/ticketee/app/models/state.rb": [
        1,
        1,
        null,
        1,
        2,
        null,
        null,
        1,
        0,
        null,
        0,
        0,
        null,
        0,
        0,
        0,
        null,
        null,
        null
      ],
      "/Users/Alec/repos/ticketee/app/controllers/admin/users_controller.rb": [
        1,
        null,
        1,
        null,
        1,
        0,
        null,
        null,
        1,
        0,
        null,
        null,
        1,
        0,
        0,
        0,
        0,
        null,
        0,
        0,
        null,
        null,
        null,
        1,
        null,
        null,
        1,
        null,
        null,
        1,
        0,
        0,
        0,
        0,
        null,
        0,
        0,
        0,
        null,
        0,
        0,
        null,
        null,
        null,
        1,
        0,
        0,
        null,
        0,
        0,
        null,
        null,
        0,
        null,
        null,
        1,
        1,
        0,
        null,
        null
      ],
      "/Users/Alec/repos/ticketee/app/controllers/comments_controller.rb": [
        1,
        1,
        1,
        null,
        1,
        4,
        3,
        null,
        4,
        4,
        4,
        3,
        3,
        null,
        1,
        1,
        1,
        null,
        null,
        1,
        1,
        4,
        null,
        null
      ],
      "/Users/Alec/repos/ticketee/app/models/comment.rb": [
        1,
        1,
        1,
        1,
        null,
        1,
        1,
        1,
        1,
        1,
        1,
        1,
        null,
        1,
        null,
        1,
        1,
        3,
        3,
        null,
        null,
        1,
        3,
        null,
        null,
        1,
        3,
        3,
        1,
        null,
        3,
        3,
        null,
        null,
        null
      ],
      "/Users/Alec/repos/ticketee/app/controllers/files_controller.rb": [
        1,
        1,
        null,
        1,
        0,
        0,
        0,
        null,
        null,
        null,
        null,
        null,
        1,
        0,
        0,
        0,
        null,
        null,
        0,
        0,
        null,
        null,
        null,
        null
      ],
      "/Users/Alec/repos/ticketee/app/controllers/projects_controller.rb": [
        1,
        1,
        1,
        1,
        null,
        1,
        10,
        null,
        null,
        1,
        0,
        null,
        null,
        1,
        0,
        0,
        0,
        0,
        null,
        0,
        0,
        null,
        null,
        null,
        1,
        null,
        null,
        1,
        null,
        null,
        1,
        0,
        0,
        0,
        null,
        0,
        0,
        null,
        null,
        null,
        1,
        0,
        0,
        0,
        null,
        null,
        1,
        1,
        5,
        null,
        0,
        0,
        null,
        null
      ],
      "/Users/Alec/repos/ticketee/app/models/project.rb": [
        1,
        1,
        null,
        1,
        null,
        1,
        null,
        1,
        23,
        null,
        null,
        null,
        1,
        23,
        null,
        null,
        1,
        null
      ],
      "/Users/Alec/repos/ticketee/app/controllers/registrations_controller.rb": [
        1,
        1,
        1,
        0,
        null,
        null
      ],
      "/Users/Alec/repos/ticketee/app/controllers/tickets_controller.rb": [
        1,
        1,
        1,
        1,
        1,
        1,
        1,
        null,
        1,
        0,
        0,
        null,
        null,
        1,
        0,
        0,
        0,
        0,
        0,
        null,
        0,
        0,
        null,
        null,
        null,
        1,
        8,
        8,
        null,
        null,
        1,
        null,
        null,
        null,
        1,
        0,
        0,
        0,
        null,
        0,
        0,
        null,
        null,
        null,
        1,
        0,
        0,
        0,
        null,
        null,
        1,
        1,
        8,
        null,
        0,
        0,
        null,
        null,
        1,
        8,
        null,
        null,
        1,
        0,
        0,
        0,
        null,
        null,
        null,
        1,
        0,
        0,
        0,
        null,
        null,
        null,
        1,
        0,
        0,
        0,
        null,
        null,
        null
      ],
      "/Users/Alec/repos/ticketee/app/models/ticket.rb": [
        1,
        1,
        1,
        1,
        null,
        1,
        1,
        1,
        1,
        null,
        1,
        1,
        null,
        1,
        1,
        null,
        1,
        null,
        1,
        1,
        5,
        0,
        0,
        null,
        null,
        null,
        null
      ],
      "/Users/Alec/repos/ticketee/app/controllers/users_controller.rb": [
        1,
        1,
        null,
        null
      ],
      "/Users/Alec/repos/ticketee/app/models/ability.rb": [
        1,
        1,
        null,
        1,
        17,
        20,
        null,
        null,
        3,
        null,
        null,
        null,
        null,
        null
      ],
      "/Users/Alec/repos/ticketee/app/models/asset.rb": [
        1,
        1,
        1,
        null,
        1,
        null
      ],
      "/Users/Alec/repos/ticketee/app/models/tag.rb": [
        1,
        1,
        null
      ]
    },
    "timestamp": 1364192558
  }
}
